config_file_name is kv_config.csv
rw_ratio is 0.700000
time_out is 1 seconds
allocated 3529 bytes to set_reqs
allocated 257 bytes to get_reqs
request 0 is: 
 0000  80 01 00 01
 0004  08 00 00 00
 0008  00 00 00 11
 000c  00 00 00 00
 0010  00 00 00 00
 0014  00 00 00 00
 0018  de ad be ef
 001c  00 00 00 00
 0020  00 00 01 02
 0024  03 04 05 06
 0028  07
request 1 is: 
 0000  80 01 00 01
 0004  08 00 00 00
 0008  00 00 00 19
 000c  00 00 00 00
 0010  00 00 00 00
 0014  00 00 00 00
 0018  de ad be ef
 001c  00 00 00 00
 0020  01 08 09 0a
 0024  0b 0c 0d 0e
 0028  0f 10 11 12
 002c  13 14 15 16
 0030  17
request 2 is: 
 0000  80 01 00 01
 0004  08 00 00 00
 0008  00 00 00 29
 000c  00 00 00 00
 0010  00 00 00 00
 0014  00 00 00 00
 0018  de ad be ef
 001c  00 00 00 00
 0020  02 18 19 1a
 0024  1b 1c 1d 1e
 0028  1f 20 21 22
 002c  23 24 25 26
 0030  27 28 29 2a
 0034  2b 2c 2d 2e
 0038  2f 30 31 32
 003c  33 34 35 36
 0040  37
request 3 is: 
 0000  80 01 00 02
 0004  08 00 00 00
 0008  00 00 00 4a
 000c  00 00 00 00
 0010  00 00 00 00
 0014  00 00 00 00
 0018  de ad be ef
 001c  00 00 00 00
 0020  03 04 38 39
 0024  3a 3b 3c 3d
 0028  3e 3f 40 41
 002c  42 43 44 45
 0030  46 47 48 49
 0034  4a 4b 4c 4d
 0038  4e 4f 50 51
 003c  52 53 54 55
 0040  56 57 58 59
 0044  5a 5b 5c 5d
 0048  5e 5f 60 61
 004c  62 63 64 65
 0050  66 67 68 69
 0054  6a 6b 6c 6d
 0058  6e 6f 70 71
 005c  72 73 74 75
 0060  76 77
request 4 is: 
 0000  80 01 00 02
 0004  08 00 00 00
 0008  00 00 00 8a
 000c  00 00 00 00
 0010  00 00 00 00
 0014  00 00 00 00
 0018  de ad be ef
 001c  00 00 00 00
 0020  05 06 78 79
 0024  7a 7b 7c 7d
 0028  7e 7f 80 81
 002c  82 83 84 85
 0030  86 87 88 89
 0034  8a 8b 8c 8d
 0038  8e 8f 90 91
 003c  92 93 94 95
 0040  96 97 98 99
 0044  9a 9b 9c 9d
 0048  9e 9f a0 a1
 004c  a2 a3 a4 a5
 0050  a6 a7 a8 a9
 0054  aa ab ac ad
 0058  ae af b0 b1
 005c  b2 b3 b4 b5
 0060  b6 b7 b8 b9
 0064  ba bb bc bd
 0068  be bf c0 c1
 006c  c2 c3 c4 c5
 0070  c6 c7 c8 c9
 0074  ca cb cc cd
 0078  ce cf d0 d1
 007c  d2 d3 d4 d5
 0080  d6 d7 d8 d9
 0084  da db dc dd
 0088  de df e0 e1
 008c  e2 e3 e4 e5
 0090  e6 e7 e8 e9
 0094  ea eb ec ed
 0098  ee ef f0 f1
 009c  f2 f3 f4 f5
 00a0  f6 f7
request 5 is: 
 0000  80 01 00 02
 0004  08 00 00 00
 0008  00 00 01 0a
 000c  00 00 00 00
 0010  00 00 00 00
 0014  00 00 00 00
 0018  de ad be ef
 001c  00 00 00 00
 0020  07 08 f8 f9
 0024  fa fb fc fd
 0028  fe ff 00 01
 002c  02 03 04 05
 0030  06 07 08 09
 0034  0a 0b 0c 0d
 0038  0e 0f 10 11
 003c  12 13 14 15
 0040  16 17 18 19
 0044  1a 1b 1c 1d
 0048  1e 1f 20 21
 004c  22 23 24 25
 0050  26 27 28 29
 0054  2a 2b 2c 2d
 0058  2e 2f 30 31
 005c  32 33 34 35
 0060  36 37 38 39
 0064  3a 3b 3c 3d
 0068  3e 3f 40 41
 006c  42 43 44 45
 0070  46 47 48 49
 0074  4a 4b 4c 4d
 0078  4e 4f 50 51
 007c  52 53 54 55
 0080  56 57 58 59
 0084  5a 5b 5c 5d
 0088  5e 5f 60 61
 008c  62 63 64 65
 0090  66 67 68 69
 0094  6a 6b 6c 6d
 0098  6e 6f 70 71
 009c  72 73 74 75
 00a0  76 77 78 79
 00a4  7a 7b 7c 7d
 00a8  7e 7f 80 81
 00ac  82 83 84 85
 00b0  86 87 88 89
 00b4  8a 8b 8c 8d
 00b8  8e 8f 90 91
 00bc  92 93 94 95
 00c0  96 97 98 99
 00c4  9a 9b 9c 9d
 00c8  9e 9f a0 a1
 00cc  a2 a3 a4 a5
 00d0  a6 a7 a8 a9
 00d4  aa ab ac ad
 00d8  ae af b0 b1
 00dc  b2 b3 b4 b5
 00e0  b6 b7 b8 b9
 00e4  ba bb bc bd
 00e8  be bf c0 c1
 00ec  c2 c3 c4 c5
 00f0  c6 c7 c8 c9
 00f4  ca cb cc cd
 00f8  ce cf d0 d1
 00fc  d2 d3 d4 d5
 0100  d6 d7 d8 d9
 0104  da db dc dd
 0108  de df e0 e1
 010c  e2 e3 e4 e5
 0110  e6 e7 e8 e9
 0114  ea eb ec ed
 0118  ee ef f0 f1
 011c  f2 f3 f4 f5
 0120  f6 f7
request 6 is: 
 0000  80 01 00 02
 0004  08 00 00 00
 0008  00 00 01 8a
 000c  00 00 00 00
 0010  00 00 00 00
 0014  00 00 00 00
 0018  de ad be ef
 001c  00 00 00 00
 0020  09 0a f8 f9
 0024  fa fb fc fd
 0028  fe ff 00 01
 002c  02 03 04 05
 0030  06 07 08 09
 0034  0a 0b 0c 0d
 0038  0e 0f 10 11
 003c  12 13 14 15
 0040  16 17 18 19
 0044  1a 1b 1c 1d
 0048  1e 1f 20 21
 004c  22 23 24 25
 0050  26 27 28 29
 0054  2a 2b 2c 2d
 0058  2e 2f 30 31
 005c  32 33 34 35
 0060  36 37 38 39
 0064  3a 3b 3c 3d
 0068  3e 3f 40 41
 006c  42 43 44 45
 0070  46 47 48 49
 0074  4a 4b 4c 4d
 0078  4e 4f 50 51
 007c  52 53 54 55
 0080  56 57 58 59
 0084  5a 5b 5c 5d
 0088  5e 5f 60 61
 008c  62 63 64 65
 0090  66 67 68 69
 0094  6a 6b 6c 6d
 0098  6e 6f 70 71
 009c  72 73 74 75
 00a0  76 77 78 79
 00a4  7a 7b 7c 7d
 00a8  7e 7f 80 81
 00ac  82 83 84 85
 00b0  86 87 88 89
 00b4  8a 8b 8c 8d
 00b8  8e 8f 90 91
 00bc  92 93 94 95
 00c0  96 97 98 99
 00c4  9a 9b 9c 9d
 00c8  9e 9f a0 a1
 00cc  a2 a3 a4 a5
 00d0  a6 a7 a8 a9
 00d4  aa ab ac ad
 00d8  ae af b0 b1
 00dc  b2 b3 b4 b5
 00e0  b6 b7 b8 b9
 00e4  ba bb bc bd
 00e8  be bf c0 c1
 00ec  c2 c3 c4 c5
 00f0  c6 c7 c8 c9
 00f4  ca cb cc cd
 00f8  ce cf d0 d1
 00fc  d2 d3 d4 d5
 0100  d6 d7 d8 d9
 0104  da db dc dd
 0108  de df e0 e1
 010c  e2 e3 e4 e5
 0110  e6 e7 e8 e9
 0114  ea eb ec ed
 0118  ee ef f0 f1
 011c  f2 f3 f4 f5
 0120  f6 f7 f8 f9
 0124  fa fb fc fd
 0128  fe ff 00 01
 012c  02 03 04 05
 0130  06 07 08 09
 0134  0a 0b 0c 0d
 0138  0e 0f 10 11
 013c  12 13 14 15
 0140  16 17 18 19
 0144  1a 1b 1c 1d
 0148  1e 1f 20 21
 014c  22 23 24 25
 0150  26 27 28 29
 0154  2a 2b 2c 2d
 0158  2e 2f 30 31
 015c  32 33 34 35
 0160  36 37 38 39
 0164  3a 3b 3c 3d
 0168  3e 3f 40 41
 016c  42 43 44 45
 0170  46 47 48 49
 0174  4a 4b 4c 4d
 0178  4e 4f 50 51
 017c  52 53 54 55
 0180  56 57 58 59
 0184  5a 5b 5c 5d
 0188  5e 5f 60 61
 018c  62 63 64 65
 0190  66 67 68 69
 0194  6a 6b 6c 6d
 0198  6e 6f 70 71
 019c  72 73 74 75
 01a0  76 77
request 7 is: 
 0000  80 01 00 02
 0004  08 00 00 00
 0008  00 00 02 0a
 000c  00 00 00 00
 0010  00 00 00 00
 0014  00 00 00 00
 0018  de ad be ef
 001c  00 00 00 00
 0020  0b 0c 78 79
 0024  7a 7b 7c 7d
 0028  7e 7f 80 81
 002c  82 83 84 85
 0030  86 87 88 89
 0034  8a 8b 8c 8d
 0038  8e 8f 90 91
 003c  92 93 94 95
 0040  96 97 98 99
 0044  9a 9b 9c 9d
 0048  9e 9f a0 a1
 004c  a2 a3 a4 a5
 0050  a6 a7 a8 a9
 0054  aa ab ac ad
 0058  ae af b0 b1
 005c  b2 b3 b4 b5
 0060  b6 b7 b8 b9
 0064  ba bb bc bd
 0068  be bf c0 c1
 006c  c2 c3 c4 c5
 0070  c6 c7 c8 c9
 0074  ca cb cc cd
 0078  ce cf d0 d1
 007c  d2 d3 d4 d5
 0080  d6 d7 d8 d9
 0084  da db dc dd
 0088  de df e0 e1
 008c  e2 e3 e4 e5
 0090  e6 e7 e8 e9
 0094  ea eb ec ed
 0098  ee ef f0 f1
 009c  f2 f3 f4 f5
 00a0  f6 f7 f8 f9
 00a4  fa fb fc fd
 00a8  fe ff 00 01
 00ac  02 03 04 05
 00b0  06 07 08 09
 00b4  0a 0b 0c 0d
 00b8  0e 0f 10 11
 00bc  12 13 14 15
 00c0  16 17 18 19
 00c4  1a 1b 1c 1d
 00c8  1e 1f 20 21
 00cc  22 23 24 25
 00d0  26 27 28 29
 00d4  2a 2b 2c 2d
 00d8  2e 2f 30 31
 00dc  32 33 34 35
 00e0  36 37 38 39
 00e4  3a 3b 3c 3d
 00e8  3e 3f 40 41
 00ec  42 43 44 45
 00f0  46 47 48 49
 00f4  4a 4b 4c 4d
 00f8  4e 4f 50 51
 00fc  52 53 54 55
 0100  56 57 58 59
 0104  5a 5b 5c 5d
 0108  5e 5f 60 61
 010c  62 63 64 65
 0110  66 67 68 69
 0114  6a 6b 6c 6d
 0118  6e 6f 70 71
 011c  72 73 74 75
 0120  76 77 78 79
 0124  7a 7b 7c 7d
 0128  7e 7f 80 81
 012c  82 83 84 85
 0130  86 87 88 89
 0134  8a 8b 8c 8d
 0138  8e 8f 90 91
 013c  92 93 94 95
 0140  96 97 98 99
 0144  9a 9b 9c 9d
 0148  9e 9f a0 a1
 014c  a2 a3 a4 a5
 0150  a6 a7 a8 a9
 0154  aa ab ac ad
 0158  ae af b0 b1
 015c  b2 b3 b4 b5
 0160  b6 b7 b8 b9
 0164  ba bb bc bd
 0168  be bf c0 c1
 016c  c2 c3 c4 c5
 0170  c6 c7 c8 c9
 0174  ca cb cc cd
 0178  ce cf d0 d1
 017c  d2 d3 d4 d5
 0180  d6 d7 d8 d9
 0184  da db dc dd
 0188  de df e0 e1
 018c  e2 e3 e4 e5
 0190  e6 e7 e8 e9
 0194  ea eb ec ed
 0198  ee ef f0 f1
 019c  f2 f3 f4 f5
 01a0  f6 f7 f8 f9
 01a4  fa fb fc fd
 01a8  fe ff 00 01
 01ac  02 03 04 05
 01b0  06 07 08 09
 01b4  0a 0b 0c 0d
 01b8  0e 0f 10 11
 01bc  12 13 14 15
 01c0  16 17 18 19
 01c4  1a 1b 1c 1d
 01c8  1e 1f 20 21
 01cc  22 23 24 25
 01d0  26 27 28 29
 01d4  2a 2b 2c 2d
 01d8  2e 2f 30 31
 01dc  32 33 34 35
 01e0  36 37 38 39
 01e4  3a 3b 3c 3d
 01e8  3e 3f 40 41
 01ec  42 43 44 45
 01f0  46 47 48 49
 01f4  4a 4b 4c 4d
 01f8  4e 4f 50 51
 01fc  52 53 54 55
 0200  56 57 58 59
 0204  5a 5b 5c 5d
 0208  5e 5f 60 61
 020c  62 63 64 65
 0210  66 67 68 69
 0214  6a 6b 6c 6d
 0218  6e 6f 70 71
 021c  72 73 74 75
 0220  76 77
request 8 is: 
 0000  80 01 00 02
 0004  08 00 00 00
 0008  00 00 03 0a
 000c  00 00 00 00
 0010  00 00 00 00
 0014  00 00 00 00
 0018  de ad be ef
 001c  00 00 00 00
 0020  0d 0e 78 79
 0024  7a 7b 7c 7d
 0028  7e 7f 80 81
 002c  82 83 84 85
 0030  86 87 88 89
 0034  8a 8b 8c 8d
 0038  8e 8f 90 91
 003c  92 93 94 95
 0040  96 97 98 99
 0044  9a 9b 9c 9d
 0048  9e 9f a0 a1
 004c  a2 a3 a4 a5
 0050  a6 a7 a8 a9
 0054  aa ab ac ad
 0058  ae af b0 b1
 005c  b2 b3 b4 b5
 0060  b6 b7 b8 b9
 0064  ba bb bc bd
 0068  be bf c0 c1
 006c  c2 c3 c4 c5
 0070  c6 c7 c8 c9
 0074  ca cb cc cd
 0078  ce cf d0 d1
 007c  d2 d3 d4 d5
 0080  d6 d7 d8 d9
 0084  da db dc dd
 0088  de df e0 e1
 008c  e2 e3 e4 e5
 0090  e6 e7 e8 e9
 0094  ea eb ec ed
 0098  ee ef f0 f1
 009c  f2 f3 f4 f5
 00a0  f6 f7 f8 f9
 00a4  fa fb fc fd
 00a8  fe ff 00 01
 00ac  02 03 04 05
 00b0  06 07 08 09
 00b4  0a 0b 0c 0d
 00b8  0e 0f 10 11
 00bc  12 13 14 15
 00c0  16 17 18 19
 00c4  1a 1b 1c 1d
 00c8  1e 1f 20 21
 00cc  22 23 24 25
 00d0  26 27 28 29
 00d4  2a 2b 2c 2d
 00d8  2e 2f 30 31
 00dc  32 33 34 35
 00e0  36 37 38 39
 00e4  3a 3b 3c 3d
 00e8  3e 3f 40 41
 00ec  42 43 44 45
 00f0  46 47 48 49
 00f4  4a 4b 4c 4d
 00f8  4e 4f 50 51
 00fc  52 53 54 55
 0100  56 57 58 59
 0104  5a 5b 5c 5d
 0108  5e 5f 60 61
 010c  62 63 64 65
 0110  66 67 68 69
 0114  6a 6b 6c 6d
 0118  6e 6f 70 71
 011c  72 73 74 75
 0120  76 77 78 79
 0124  7a 7b 7c 7d
 0128  7e 7f 80 81
 012c  82 83 84 85
 0130  86 87 88 89
 0134  8a 8b 8c 8d
 0138  8e 8f 90 91
 013c  92 93 94 95
 0140  96 97 98 99
 0144  9a 9b 9c 9d
 0148  9e 9f a0 a1
 014c  a2 a3 a4 a5
 0150  a6 a7 a8 a9
 0154  aa ab ac ad
 0158  ae af b0 b1
 015c  b2 b3 b4 b5
 0160  b6 b7 b8 b9
 0164  ba bb bc bd
 0168  be bf c0 c1
 016c  c2 c3 c4 c5
 0170  c6 c7 c8 c9
 0174  ca cb cc cd
 0178  ce cf d0 d1
 017c  d2 d3 d4 d5
 0180  d6 d7 d8 d9
 0184  da db dc dd
 0188  de df e0 e1
 018c  e2 e3 e4 e5
 0190  e6 e7 e8 e9
 0194  ea eb ec ed
 0198  ee ef f0 f1
 019c  f2 f3 f4 f5
 01a0  f6 f7 f8 f9
 01a4  fa fb fc fd
 01a8  fe ff 00 01
 01ac  02 03 04 05
 01b0  06 07 08 09
 01b4  0a 0b 0c 0d
 01b8  0e 0f 10 11
 01bc  12 13 14 15
 01c0  16 17 18 19
 01c4  1a 1b 1c 1d
 01c8  1e 1f 20 21
 01cc  22 23 24 25
 01d0  26 27 28 29
 01d4  2a 2b 2c 2d
 01d8  2e 2f 30 31
 01dc  32 33 34 35
 01e0  36 37 38 39
 01e4  3a 3b 3c 3d
 01e8  3e 3f 40 41
 01ec  42 43 44 45
 01f0  46 47 48 49
 01f4  4a 4b 4c 4d
 01f8  4e 4f 50 51
 01fc  52 53 54 55
 0200  56 57 58 59
 0204  5a 5b 5c 5d
 0208  5e 5f 60 61
 020c  62 63 64 65
 0210  66 67 68 69
 0214  6a 6b 6c 6d
 0218  6e 6f 70 71
 021c  72 73 74 75
 0220  76 77 78 79
 0224  7a 7b 7c 7d
 0228  7e 7f 80 81
 022c  82 83 84 85
 0230  86 87 88 89
 0234  8a 8b 8c 8d
 0238  8e 8f 90 91
 023c  92 93 94 95
 0240  96 97 98 99
 0244  9a 9b 9c 9d
 0248  9e 9f a0 a1
 024c  a2 a3 a4 a5
 0250  a6 a7 a8 a9
 0254  aa ab ac ad
 0258  ae af b0 b1
 025c  b2 b3 b4 b5
 0260  b6 b7 b8 b9
 0264  ba bb bc bd
 0268  be bf c0 c1
 026c  c2 c3 c4 c5
 0270  c6 c7 c8 c9
 0274  ca cb cc cd
 0278  ce cf d0 d1
 027c  d2 d3 d4 d5
 0280  d6 d7 d8 d9
 0284  da db dc dd
 0288  de df e0 e1
 028c  e2 e3 e4 e5
 0290  e6 e7 e8 e9
 0294  ea eb ec ed
 0298  ee ef f0 f1
 029c  f2 f3 f4 f5
 02a0  f6 f7 f8 f9
 02a4  fa fb fc fd
 02a8  fe ff 00 01
 02ac  02 03 04 05
 02b0  06 07 08 09
 02b4  0a 0b 0c 0d
 02b8  0e 0f 10 11
 02bc  12 13 14 15
 02c0  16 17 18 19
 02c4  1a 1b 1c 1d
 02c8  1e 1f 20 21
 02cc  22 23 24 25
 02d0  26 27 28 29
 02d4  2a 2b 2c 2d
 02d8  2e 2f 30 31
 02dc  32 33 34 35
 02e0  36 37 38 39
 02e4  3a 3b 3c 3d
 02e8  3e 3f 40 41
 02ec  42 43 44 45
 02f0  46 47 48 49
 02f4  4a 4b 4c 4d
 02f8  4e 4f 50 51
 02fc  52 53 54 55
 0300  56 57 58 59
 0304  5a 5b 5c 5d
 0308  5e 5f 60 61
 030c  62 63 64 65
 0310  66 67 68 69
 0314  6a 6b 6c 6d
 0318  6e 6f 70 71
 031c  72 73 74 75
 0320  76 77
request 9 is: 
 0000  80 01 00 02
 0004  08 00 00 00
 0008  00 00 04 0a
 000c  00 00 00 00
 0010  00 00 00 00
 0014  00 00 00 00
 0018  de ad be ef
 001c  00 00 00 00
 0020  0f 10 78 79
 0024  7a 7b 7c 7d
 0028  7e 7f 80 81
 002c  82 83 84 85
 0030  86 87 88 89
 0034  8a 8b 8c 8d
 0038  8e 8f 90 91
 003c  92 93 94 95
 0040  96 97 98 99
 0044  9a 9b 9c 9d
 0048  9e 9f a0 a1
 004c  a2 a3 a4 a5
 0050  a6 a7 a8 a9
 0054  aa ab ac ad
 0058  ae af b0 b1
 005c  b2 b3 b4 b5
 0060  b6 b7 b8 b9
 0064  ba bb bc bd
 0068  be bf c0 c1
 006c  c2 c3 c4 c5
 0070  c6 c7 c8 c9
 0074  ca cb cc cd
 0078  ce cf d0 d1
 007c  d2 d3 d4 d5
 0080  d6 d7 d8 d9
 0084  da db dc dd
 0088  de df e0 e1
 008c  e2 e3 e4 e5
 0090  e6 e7 e8 e9
 0094  ea eb ec ed
 0098  ee ef f0 f1
 009c  f2 f3 f4 f5
 00a0  f6 f7 f8 f9
 00a4  fa fb fc fd
 00a8  fe ff 00 01
 00ac  02 03 04 05
 00b0  06 07 08 09
 00b4  0a 0b 0c 0d
 00b8  0e 0f 10 11
 00bc  12 13 14 15
 00c0  16 17 18 19
 00c4  1a 1b 1c 1d
 00c8  1e 1f 20 21
 00cc  22 23 24 25
 00d0  26 27 28 29
 00d4  2a 2b 2c 2d
 00d8  2e 2f 30 31
 00dc  32 33 34 35
 00e0  36 37 38 39
 00e4  3a 3b 3c 3d
 00e8  3e 3f 40 41
 00ec  42 43 44 45
 00f0  46 47 48 49
 00f4  4a 4b 4c 4d
 00f8  4e 4f 50 51
 00fc  52 53 54 55
 0100  56 57 58 59
 0104  5a 5b 5c 5d
 0108  5e 5f 60 61
 010c  62 63 64 65
 0110  66 67 68 69
 0114  6a 6b 6c 6d
 0118  6e 6f 70 71
 011c  72 73 74 75
 0120  76 77 78 79
 0124  7a 7b 7c 7d
 0128  7e 7f 80 81
 012c  82 83 84 85
 0130  86 87 88 89
 0134  8a 8b 8c 8d
 0138  8e 8f 90 91
 013c  92 93 94 95
 0140  96 97 98 99
 0144  9a 9b 9c 9d
 0148  9e 9f a0 a1
 014c  a2 a3 a4 a5
 0150  a6 a7 a8 a9
 0154  aa ab ac ad
 0158  ae af b0 b1
 015c  b2 b3 b4 b5
 0160  b6 b7 b8 b9
 0164  ba bb bc bd
 0168  be bf c0 c1
 016c  c2 c3 c4 c5
 0170  c6 c7 c8 c9
 0174  ca cb cc cd
 0178  ce cf d0 d1
 017c  d2 d3 d4 d5
 0180  d6 d7 d8 d9
 0184  da db dc dd
 0188  de df e0 e1
 018c  e2 e3 e4 e5
 0190  e6 e7 e8 e9
 0194  ea eb ec ed
 0198  ee ef f0 f1
 019c  f2 f3 f4 f5
 01a0  f6 f7 f8 f9
 01a4  fa fb fc fd
 01a8  fe ff 00 01
 01ac  02 03 04 05
 01b0  06 07 08 09
 01b4  0a 0b 0c 0d
 01b8  0e 0f 10 11
 01bc  12 13 14 15
 01c0  16 17 18 19
 01c4  1a 1b 1c 1d
 01c8  1e 1f 20 21
 01cc  22 23 24 25
 01d0  26 27 28 29
 01d4  2a 2b 2c 2d
 01d8  2e 2f 30 31
 01dc  32 33 34 35
 01e0  36 37 38 39
 01e4  3a 3b 3c 3d
 01e8  3e 3f 40 41
 01ec  42 43 44 45
 01f0  46 47 48 49
 01f4  4a 4b 4c 4d
 01f8  4e 4f 50 51
 01fc  52 53 54 55
 0200  56 57 58 59
 0204  5a 5b 5c 5d
 0208  5e 5f 60 61
 020c  62 63 64 65
 0210  66 67 68 69
 0214  6a 6b 6c 6d
 0218  6e 6f 70 71
 021c  72 73 74 75
 0220  76 77 78 79
 0224  7a 7b 7c 7d
 0228  7e 7f 80 81
 022c  82 83 84 85
 0230  86 87 88 89
 0234  8a 8b 8c 8d
 0238  8e 8f 90 91
 023c  92 93 94 95
 0240  96 97 98 99
 0244  9a 9b 9c 9d
 0248  9e 9f a0 a1
 024c  a2 a3 a4 a5
 0250  a6 a7 a8 a9
 0254  aa ab ac ad
 0258  ae af b0 b1
 025c  b2 b3 b4 b5
 0260  b6 b7 b8 b9
 0264  ba bb bc bd
 0268  be bf c0 c1
 026c  c2 c3 c4 c5
 0270  c6 c7 c8 c9
 0274  ca cb cc cd
 0278  ce cf d0 d1
 027c  d2 d3 d4 d5
 0280  d6 d7 d8 d9
 0284  da db dc dd
 0288  de df e0 e1
 028c  e2 e3 e4 e5
 0290  e6 e7 e8 e9
 0294  ea eb ec ed
 0298  ee ef f0 f1
 029c  f2 f3 f4 f5
 02a0  f6 f7 f8 f9
 02a4  fa fb fc fd
 02a8  fe ff 00 01
 02ac  02 03 04 05
 02b0  06 07 08 09
 02b4  0a 0b 0c 0d
 02b8  0e 0f 10 11
 02bc  12 13 14 15
 02c0  16 17 18 19
 02c4  1a 1b 1c 1d
 02c8  1e 1f 20 21
 02cc  22 23 24 25
 02d0  26 27 28 29
 02d4  2a 2b 2c 2d
 02d8  2e 2f 30 31
 02dc  32 33 34 35
 02e0  36 37 38 39
 02e4  3a 3b 3c 3d
 02e8  3e 3f 40 41
 02ec  42 43 44 45
 02f0  46 47 48 49
 02f4  4a 4b 4c 4d
 02f8  4e 4f 50 51
 02fc  52 53 54 55
 0300  56 57 58 59
 0304  5a 5b 5c 5d
 0308  5e 5f 60 61
 030c  62 63 64 65
 0310  66 67 68 69
 0314  6a 6b 6c 6d
 0318  6e 6f 70 71
 031c  72 73 74 75
 0320  76 77 78 79
 0324  7a 7b 7c 7d
 0328  7e 7f 80 81
 032c  82 83 84 85
 0330  86 87 88 89
 0334  8a 8b 8c 8d
 0338  8e 8f 90 91
 033c  92 93 94 95
 0340  96 97 98 99
 0344  9a 9b 9c 9d
 0348  9e 9f a0 a1
 034c  a2 a3 a4 a5
 0350  a6 a7 a8 a9
 0354  aa ab ac ad
 0358  ae af b0 b1
 035c  b2 b3 b4 b5
 0360  b6 b7 b8 b9
 0364  ba bb bc bd
 0368  be bf c0 c1
 036c  c2 c3 c4 c5
 0370  c6 c7 c8 c9
 0374  ca cb cc cd
 0378  ce cf d0 d1
 037c  d2 d3 d4 d5
 0380  d6 d7 d8 d9
 0384  da db dc dd
 0388  de df e0 e1
 038c  e2 e3 e4 e5
 0390  e6 e7 e8 e9
 0394  ea eb ec ed
 0398  ee ef f0 f1
 039c  f2 f3 f4 f5
 03a0  f6 f7 f8 f9
 03a4  fa fb fc fd
 03a8  fe ff 00 01
 03ac  02 03 04 05
 03b0  06 07 08 09
 03b4  0a 0b 0c 0d
 03b8  0e 0f 10 11
 03bc  12 13 14 15
 03c0  16 17 18 19
 03c4  1a 1b 1c 1d
 03c8  1e 1f 20 21
 03cc  22 23 24 25
 03d0  26 27 28 29
 03d4  2a 2b 2c 2d
 03d8  2e 2f 30 31
 03dc  32 33 34 35
 03e0  36 37 38 39
 03e4  3a 3b 3c 3d
 03e8  3e 3f 40 41
 03ec  42 43 44 45
 03f0  46 47 48 49
 03f4  4a 4b 4c 4d
 03f8  4e 4f 50 51
 03fc  52 53 54 55
 0400  56 57 58 59
 0404  5a 5b 5c 5d
 0408  5e 5f 60 61
 040c  62 63 64 65
 0410  66 67 68 69
 0414  6a 6b 6c 6d
 0418  6e 6f 70 71
 041c  72 73 74 75
 0420  76 77
request 0 is: 
 0000  80 00 00 01
 0004  00 00 00 00
 0008  00 00 00 01
 000c  00 00 00 00
 0010  00 00 00 00
 0014  00 00 00 00
 0018  00
request 1 is: 
 0000  80 00 00 01
 0004  00 00 00 00
 0008  00 00 00 01
 000c  00 00 00 00
 0010  00 00 00 00
 0014  00 00 00 00
 0018  01
request 2 is: 
 0000  80 00 00 01
 0004  00 00 00 00
 0008  00 00 00 01
 000c  00 00 00 00
 0010  00 00 00 00
 0014  00 00 00 00
 0018  02
request 3 is: 
 0000  80 00 00 02
 0004  00 00 00 00
 0008  00 00 00 02
 000c  00 00 00 00
 0010  00 00 00 00
 0014  00 00 00 00
 0018  03 04
request 4 is: 
 0000  80 00 00 02
 0004  00 00 00 00
 0008  00 00 00 02
 000c  00 00 00 00
 0010  00 00 00 00
 0014  00 00 00 00
 0018  05 06
request 5 is: 
 0000  80 00 00 02
 0004  00 00 00 00
 0008  00 00 00 02
 000c  00 00 00 00
 0010  00 00 00 00
 0014  00 00 00 00
 0018  07 08
request 6 is: 
 0000  80 00 00 02
 0004  00 00 00 00
 0008  00 00 00 02
 000c  00 00 00 00
 0010  00 00 00 00
 0014  00 00 00 00
 0018  09 0a
request 7 is: 
 0000  80 00 00 02
 0004  00 00 00 00
 0008  00 00 00 02
 000c  00 00 00 00
 0010  00 00 00 00
 0014  00 00 00 00
 0018  0b 0c
request 8 is: 
 0000  80 00 00 02
 0004  00 00 00 00
 0008  00 00 00 02
 000c  00 00 00 00
 0010  00 00 00 00
 0014  00 00 00 00
 0018  0d 0e
request 9 is: 
 0000  80 00 00 02
 0004  00 00 00 00
 0008  00 00 00 02
 000c  00 00 00 00
 0010  00 00 00 00
 0014  00 00 00 00
 0018  0f 10
freed key_size_arr 
freed value_size_arr 
freed set_req_size_arr 
freed get_req_size_arr 
freed set_reqs
get_reqs
freed keys
freed values
